<?xml version="1.0" encoding="UTF-8"?>
<coverage generated="1732523604422" clover="3.2.0">
  <project timestamp="1732523604422" name="All files">
    <metrics statements="95" coveredstatements="71" conditionals="38" coveredconditionals="20" methods="41" coveredmethods="37" elements="174" coveredelements="128" complexity="0" loc="95" ncloc="95" packages="4" files="7" classes="7"/>
    <package name="src">
      <metrics statements="53" coveredstatements="32" conditionals="20" coveredconditionals="5" methods="17" coveredmethods="13"/>
      <file name="App.jsx" path="/Users/oliverwieland/Documents/dev/my-regraph-app/src/App.jsx">
        <metrics statements="53" coveredstatements="32" conditionals="20" coveredconditionals="5" methods="17" coveredmethods="13"/>
        <line num="8" count="1" type="stmt"/>
        <line num="9" count="1" type="stmt"/>
        <line num="10" count="1" type="stmt"/>
        <line num="16" count="9" type="stmt"/>
        <line num="17" count="9" type="stmt"/>
        <line num="18" count="9" type="stmt"/>
        <line num="19" count="9" type="stmt"/>
        <line num="20" count="9" type="stmt"/>
        <line num="22" count="9" type="stmt"/>
        <line num="57" count="9" type="stmt"/>
        <line num="58" count="4" type="stmt"/>
        <line num="59" count="3" type="stmt"/>
        <line num="60" count="3" type="stmt"/>
        <line num="61" count="1" type="stmt"/>
        <line num="65" count="9" type="stmt"/>
        <line num="66" count="5" type="cond" truecount="2" falsecount="0"/>
        <line num="67" count="12" type="stmt"/>
        <line num="68" count="6" type="cond" truecount="2" falsecount="0"/>
        <line num="69" count="2" type="stmt"/>
        <line num="74" count="9" type="stmt"/>
        <line num="75" count="0" type="stmt"/>
        <line num="76" count="0" type="cond" truecount="0" falsecount="5"/>
        <line num="77" count="0" type="stmt"/>
        <line num="86" count="0" type="stmt"/>
        <line num="98" count="9" type="stmt"/>
        <line num="99" count="1" type="stmt"/>
        <line num="103" count="9" type="stmt"/>
        <line num="104" count="0" type="stmt"/>
        <line num="117" count="9" type="stmt"/>
        <line num="118" count="9" type="stmt"/>
        <line num="119" count="3" type="stmt"/>
        <line num="120" count="3" type="stmt"/>
        <line num="122" count="3" type="stmt"/>
        <line num="126" count="0" type="cond" truecount="0" falsecount="7"/>
        <line num="128" count="0" type="stmt"/>
        <line num="129" count="0" type="stmt"/>
        <line num="131" count="0" type="stmt"/>
        <line num="132" count="0" type="stmt"/>
        <line num="134" count="0" type="stmt"/>
        <line num="135" count="0" type="stmt"/>
        <line num="137" count="0" type="stmt"/>
        <line num="138" count="0" type="stmt"/>
        <line num="140" count="0" type="stmt"/>
        <line num="141" count="0" type="stmt"/>
        <line num="143" count="0" type="stmt"/>
        <line num="144" count="0" type="stmt"/>
        <line num="146" count="0" type="stmt"/>
        <line num="150" count="9" type="stmt"/>
        <line num="159" count="9" type="stmt"/>
        <line num="160" count="0" type="cond" truecount="0" falsecount="2"/>
        <line num="161" count="0" type="stmt"/>
        <line num="165" count="9" type="stmt"/>
        <line num="167" count="9" type="stmt"/>
      </file>
    </package>
    <package name="src.components">
      <metrics statements="10" coveredstatements="10" conditionals="4" coveredconditionals="4" methods="6" coveredmethods="6"/>
      <file name="RadioButtonGroup.jsx" path="/Users/oliverwieland/Documents/dev/my-regraph-app/src/components/RadioButtonGroup.jsx">
        <metrics statements="3" coveredstatements="3" conditionals="0" coveredconditionals="0" methods="2" coveredmethods="2"/>
        <line num="5" count="13" type="stmt"/>
        <line num="6" count="2" type="stmt"/>
        <line num="8" count="13" type="stmt"/>
      </file>
      <file name="Sidebar.jsx" path="/Users/oliverwieland/Documents/dev/my-regraph-app/src/components/Sidebar.jsx">
        <metrics statements="5" coveredstatements="5" conditionals="4" coveredconditionals="4" methods="3" coveredmethods="3"/>
        <line num="6" count="2" type="stmt"/>
        <line num="7" count="2" type="stmt"/>
        <line num="8" count="2" type="stmt"/>
        <line num="12" count="11" type="stmt"/>
        <line num="25" count="18" type="cond" truecount="2" falsecount="0"/>
      </file>
      <file name="Tooltip.jsx" path="/Users/oliverwieland/Documents/dev/my-regraph-app/src/components/Tooltip.jsx">
        <metrics statements="2" coveredstatements="2" conditionals="0" coveredconditionals="0" methods="1" coveredmethods="1"/>
        <line num="2" count="1" type="stmt"/>
        <line num="3" count="1" type="stmt"/>
      </file>
    </package>
    <package name="src.helpers">
      <metrics statements="31" coveredstatements="28" conditionals="14" coveredconditionals="11" methods="18" coveredmethods="18"/>
      <file name="helpers.js" path="/Users/oliverwieland/Documents/dev/my-regraph-app/src/helpers/helpers.js">
        <metrics statements="9" coveredstatements="9" conditionals="8" coveredconditionals="8" methods="15" coveredmethods="15"/>
        <line num="1" count="3" type="stmt"/>
        <line num="2" count="3" type="stmt"/>
        <line num="6" count="31" type="cond" truecount="2" falsecount="0"/>
        <line num="11" count="52" type="cond" truecount="2" falsecount="0"/>
        <line num="16" count="103" type="stmt"/>
        <line num="21" count="70" type="stmt"/>
        <line num="26" count="22" type="cond" truecount="4" falsecount="0"/>
        <line num="27" count="9" type="stmt"/>
        <line num="29" count="13" type="stmt"/>
      </file>
      <file name="reformatData.js" path="/Users/oliverwieland/Documents/dev/my-regraph-app/src/helpers/reformatData.js">
        <metrics statements="22" coveredstatements="19" conditionals="6" coveredconditionals="3" methods="3" coveredmethods="3"/>
        <line num="3" count="2" type="stmt"/>
        <line num="4" count="2" type="stmt"/>
        <line num="5" count="2" type="stmt"/>
        <line num="12" count="2" type="stmt"/>
        <line num="15" count="4" type="stmt"/>
        <line num="16" count="4" type="stmt"/>
        <line num="17" count="4" type="stmt"/>
        <line num="18" count="4" type="stmt"/>
        <line num="20" count="4" type="stmt"/>
        <line num="21" count="10" type="cond" truecount="2" falsecount="0"/>
        <line num="22" count="6" type="stmt"/>
        <line num="23" count="4" type="cond" truecount="1" falsecount="1"/>
        <line num="24" count="4" type="stmt"/>
        <line num="25" count="0" type="cond" truecount="0" falsecount="2"/>
        <line num="26" count="0" type="stmt"/>
        <line num="28" count="0" type="stmt"/>
        <line num="30" count="10" type="stmt"/>
        <line num="50" count="10" type="stmt"/>
        <line num="53" count="4" type="stmt"/>
        <line num="54" count="10" type="stmt"/>
        <line num="68" count="10" type="stmt"/>
        <line num="70" count="4" type="stmt"/>
      </file>
    </package>
    <package name="src.mocks">
      <metrics statements="1" coveredstatements="1" conditionals="0" coveredconditionals="0" methods="0" coveredmethods="0"/>
      <file name="fileMock.js" path="/Users/oliverwieland/Documents/dev/my-regraph-app/src/mocks/fileMock.js">
        <metrics statements="1" coveredstatements="1" conditionals="0" coveredconditionals="0" methods="0" coveredmethods="0"/>
        <line num="1" count="2" type="stmt"/>
      </file>
    </package>
  </project>
</coverage>
