{"/Users/oliverwieland/Documents/dev/my-regraph-app/src/App.jsx": {"path":"/Users/oliverwieland/Documents/dev/my-regraph-app/src/App.jsx","statementMap":{"0":{"start":{"line":8,"column":20},"end":{"line":8,"column":29}},"1":{"start":{"line":9,"column":19},"end":{"line":9,"column":28}},"2":{"start":{"line":10,"column":20},"end":{"line":10,"column":29}},"3":{"start":{"line":16,"column":54},"end":{"line":16,"column":74}},"4":{"start":{"line":17,"column":30},"end":{"line":17,"column":42}},"5":{"start":{"line":18,"column":26},"end":{"line":18,"column":40}},"6":{"start":{"line":19,"column":28},"end":{"line":19,"column":42}},"7":{"start":{"line":20,"column":32},"end":{"line":20,"column":97}},"8":{"start":{"line":23,"column":2},"end":{"line":28,"column":27}},"9":{"start":{"line":24,"column":4},"end":{"line":27,"column":72}},"10":{"start":{"line":25,"column":24},"end":{"line":25,"column":39}},"11":{"start":{"line":26,"column":20},"end":{"line":26,"column":67}},"12":{"start":{"line":27,"column":22},"end":{"line":27,"column":70}},"13":{"start":{"line":31,"column":2},"end":{"line":37,"column":13}},"14":{"start":{"line":32,"column":4},"end":{"line":36,"column":5}},"15":{"start":{"line":33,"column":17},"end":{"line":33,"column":108}},"16":{"start":{"line":33,"column":52},"end":{"line":33,"column":61}},"17":{"start":{"line":33,"column":78},"end":{"line":33,"column":95}},"18":{"start":{"line":34,"column":22},"end":{"line":34,"column":126}},"19":{"start":{"line":34,"column":54},"end":{"line":34,"column":125}},"20":{"start":{"line":34,"column":77},"end":{"line":34,"column":92}},"21":{"start":{"line":35,"column":6},"end":{"line":35,"column":27}},"22":{"start":{"line":40,"column":24},"end":{"line":61,"column":3}},"23":{"start":{"line":41,"column":17},"end":{"line":41,"column":25}},"24":{"start":{"line":42,"column":4},"end":{"line":60,"column":5}},"25":{"start":{"line":43,"column":6},"end":{"line":50,"column":9}},"26":{"start":{"line":52,"column":6},"end":{"line":59,"column":9}},"27":{"start":{"line":64,"column":35},"end":{"line":66,"column":3}},"28":{"start":{"line":65,"column":4},"end":{"line":65,"column":49}},"29":{"start":{"line":69,"column":30},"end":{"line":80,"column":3}},"30":{"start":{"line":70,"column":4},"end":{"line":79,"column":7}},"31":{"start":{"line":83,"column":19},"end":{"line":83,"column":37}},"32":{"start":{"line":84,"column":2},"end":{"line":90,"column":9}},"33":{"start":{"line":85,"column":4},"end":{"line":85,"column":56}},"34":{"start":{"line":86,"column":4},"end":{"line":89,"column":6}},"35":{"start":{"line":88,"column":6},"end":{"line":88,"column":61}},"36":{"start":{"line":92,"column":4},"end":{"line":113,"column":5}},"37":{"start":{"line":94,"column":8},"end":{"line":94,"column":38}},"38":{"start":{"line":95,"column":8},"end":{"line":95,"column":14}},"39":{"start":{"line":97,"column":8},"end":{"line":97,"column":37}},"40":{"start":{"line":98,"column":8},"end":{"line":98,"column":14}},"41":{"start":{"line":100,"column":8},"end":{"line":100,"column":35}},"42":{"start":{"line":101,"column":8},"end":{"line":101,"column":14}},"43":{"start":{"line":103,"column":8},"end":{"line":103,"column":37}},"44":{"start":{"line":104,"column":8},"end":{"line":104,"column":14}},"45":{"start":{"line":106,"column":8},"end":{"line":106,"column":36}},"46":{"start":{"line":107,"column":8},"end":{"line":107,"column":14}},"47":{"start":{"line":109,"column":8},"end":{"line":109,"column":37}},"48":{"start":{"line":110,"column":8},"end":{"line":110,"column":14}},"49":{"start":{"line":112,"column":8},"end":{"line":112,"column":14}},"50":{"start":{"line":116,"column":22},"end":{"line":123,"column":3}},"51":{"start":{"line":125,"column":15},"end":{"line":129,"column":3}},"52":{"start":{"line":126,"column":4},"end":{"line":128,"column":5}},"53":{"start":{"line":127,"column":6},"end":{"line":127,"column":57}},"54":{"start":{"line":131,"column":2},"end":{"line":177,"column":4}}},"fnMap":{"0":{"name":"Fetch","decl":{"start":{"line":13,"column":24},"end":{"line":13,"column":29}},"loc":{"start":{"line":13,"column":32},"end":{"line":178,"column":1}},"line":13},"1":{"name":"(anonymous_1)","decl":{"start":{"line":23,"column":12},"end":{"line":23,"column":13}},"loc":{"start":{"line":23,"column":18},"end":{"line":28,"column":3}},"line":23},"2":{"name":"(anonymous_2)","decl":{"start":{"line":25,"column":12},"end":{"line":25,"column":13}},"loc":{"start":{"line":25,"column":24},"end":{"line":25,"column":39}},"line":25},"3":{"name":"(anonymous_3)","decl":{"start":{"line":26,"column":12},"end":{"line":26,"column":13}},"loc":{"start":{"line":26,"column":20},"end":{"line":26,"column":67}},"line":26},"4":{"name":"(anonymous_4)","decl":{"start":{"line":27,"column":13},"end":{"line":27,"column":14}},"loc":{"start":{"line":27,"column":22},"end":{"line":27,"column":70}},"line":27},"5":{"name":"(anonymous_5)","decl":{"start":{"line":31,"column":12},"end":{"line":31,"column":13}},"loc":{"start":{"line":31,"column":18},"end":{"line":37,"column":3}},"line":31},"6":{"name":"(anonymous_6)","decl":{"start":{"line":33,"column":44},"end":{"line":33,"column":45}},"loc":{"start":{"line":33,"column":52},"end":{"line":33,"column":61}},"line":33},"7":{"name":"(anonymous_7)","decl":{"start":{"line":33,"column":68},"end":{"line":33,"column":69}},"loc":{"start":{"line":33,"column":78},"end":{"line":33,"column":95}},"line":33},"8":{"name":"(anonymous_8)","decl":{"start":{"line":34,"column":46},"end":{"line":34,"column":47}},"loc":{"start":{"line":34,"column":54},"end":{"line":34,"column":125}},"line":34},"9":{"name":"(anonymous_9)","decl":{"start":{"line":34,"column":70},"end":{"line":34,"column":71}},"loc":{"start":{"line":34,"column":77},"end":{"line":34,"column":92}},"line":34},"10":{"name":"(anonymous_10)","decl":{"start":{"line":40,"column":24},"end":{"line":40,"column":25}},"loc":{"start":{"line":40,"column":42},"end":{"line":61,"column":3}},"line":40},"11":{"name":"(anonymous_11)","decl":{"start":{"line":64,"column":35},"end":{"line":64,"column":36}},"loc":{"start":{"line":64,"column":62},"end":{"line":66,"column":3}},"line":64},"12":{"name":"(anonymous_12)","decl":{"start":{"line":69,"column":30},"end":{"line":69,"column":31}},"loc":{"start":{"line":69,"column":48},"end":{"line":80,"column":3}},"line":69},"13":{"name":"(anonymous_13)","decl":{"start":{"line":84,"column":12},"end":{"line":84,"column":13}},"loc":{"start":{"line":84,"column":18},"end":{"line":90,"column":3}},"line":84},"14":{"name":"(anonymous_14)","decl":{"start":{"line":86,"column":11},"end":{"line":86,"column":12}},"loc":{"start":{"line":86,"column":17},"end":{"line":89,"column":5}},"line":86},"15":{"name":"handleKeyDown","decl":{"start":{"line":91,"column":11},"end":{"line":91,"column":24}},"loc":{"start":{"line":91,"column":28},"end":{"line":114,"column":3}},"line":91},"16":{"name":"(anonymous_16)","decl":{"start":{"line":125,"column":15},"end":{"line":125,"column":16}},"loc":{"start":{"line":125,"column":27},"end":{"line":129,"column":3}},"line":125}},"branchMap":{"0":{"loc":{"start":{"line":32,"column":4},"end":{"line":36,"column":5}},"type":"if","locations":[{"start":{"line":32,"column":4},"end":{"line":36,"column":5}},{"start":{},"end":{}}],"line":32},"1":{"loc":{"start":{"line":34,"column":77},"end":{"line":34,"column":92}},"type":"binary-expr","locations":[{"start":{"line":34,"column":77},"end":{"line":34,"column":80}},{"start":{"line":34,"column":84},"end":{"line":34,"column":92}}],"line":34},"2":{"loc":{"start":{"line":42,"column":4},"end":{"line":60,"column":5}},"type":"if","locations":[{"start":{"line":42,"column":4},"end":{"line":60,"column":5}},{"start":{"line":51,"column":11},"end":{"line":60,"column":5}}],"line":42},"3":{"loc":{"start":{"line":42,"column":8},"end":{"line":42,"column":39}},"type":"binary-expr","locations":[{"start":{"line":42,"column":8},"end":{"line":42,"column":12}},{"start":{"line":42,"column":16},"end":{"line":42,"column":25}},{"start":{"line":42,"column":29},"end":{"line":42,"column":39}}],"line":42},"4":{"loc":{"start":{"line":92,"column":4},"end":{"line":113,"column":5}},"type":"switch","locations":[{"start":{"line":93,"column":6},"end":{"line":95,"column":14}},{"start":{"line":96,"column":6},"end":{"line":98,"column":14}},{"start":{"line":99,"column":6},"end":{"line":101,"column":14}},{"start":{"line":102,"column":6},"end":{"line":104,"column":14}},{"start":{"line":105,"column":6},"end":{"line":107,"column":14}},{"start":{"line":108,"column":6},"end":{"line":110,"column":14}},{"start":{"line":111,"column":6},"end":{"line":112,"column":14}}],"line":92},"5":{"loc":{"start":{"line":126,"column":4},"end":{"line":128,"column":5}},"type":"if","locations":[{"start":{"line":126,"column":4},"end":{"line":128,"column":5}},{"start":{},"end":{}}],"line":126},"6":{"loc":{"start":{"line":165,"column":7},"end":{"line":175,"column":7}},"type":"binary-expr","locations":[{"start":{"line":165,"column":7},"end":{"line":165,"column":22}},{"start":{"line":166,"column":8},"end":{"line":174,"column":10}}],"line":165}},"s":{"0":1,"1":1,"2":1,"3":5,"4":5,"5":5,"6":5,"7":5,"8":5,"9":2,"10":1,"11":1,"12":1,"13":5,"14":3,"15":1,"16":6,"17":2,"18":1,"19":3,"20":3,"21":1,"22":5,"23":0,"24":0,"25":0,"26":0,"27":5,"28":0,"29":5,"30":0,"31":5,"32":5,"33":2,"34":2,"35":2,"36":0,"37":0,"38":0,"39":0,"40":0,"41":0,"42":0,"43":0,"44":0,"45":0,"46":0,"47":0,"48":0,"49":0,"50":5,"51":5,"52":0,"53":0,"54":5},"f":{"0":5,"1":2,"2":1,"3":1,"4":1,"5":3,"6":6,"7":2,"8":3,"9":3,"10":0,"11":0,"12":0,"13":2,"14":2,"15":0,"16":0},"b":{"0":[1,2],"1":[3,3],"2":[0,0],"3":[0,0,0],"4":[0,0,0,0,0,0,0],"5":[0,0],"6":[5,0]},"_coverageSchema":"1a1c01bbd47fc00a2c39e90264f33305004495a9","hash":"68d79801d39cc5ad1ca6725c20cea54658343eca"}
,"/Users/oliverwieland/Documents/dev/my-regraph-app/src/components/RadioButtonGroup.jsx": {"path":"/Users/oliverwieland/Documents/dev/my-regraph-app/src/components/RadioButtonGroup.jsx","statementMap":{"0":{"start":{"line":5,"column":28},"end":{"line":7,"column":3}},"1":{"start":{"line":6,"column":4},"end":{"line":6,"column":43}},"2":{"start":{"line":8,"column":2},"end":{"line":55,"column":4}}},"fnMap":{"0":{"name":"RadioButtonGroup","decl":{"start":{"line":4,"column":24},"end":{"line":4,"column":40}},"loc":{"start":{"line":4,"column":85},"end":{"line":56,"column":1}},"line":4},"1":{"name":"(anonymous_1)","decl":{"start":{"line":5,"column":28},"end":{"line":5,"column":29}},"loc":{"start":{"line":5,"column":39},"end":{"line":7,"column":3}},"line":5}},"branchMap":{},"s":{"0":9,"1":1,"2":9},"f":{"0":9,"1":1},"b":{},"_coverageSchema":"1a1c01bbd47fc00a2c39e90264f33305004495a9","hash":"97aaa4b89700c9e2bdc2bbfcae40d82412d1b3fb"}
,"/Users/oliverwieland/Documents/dev/my-regraph-app/src/components/Sidebar.jsx": {"path":"/Users/oliverwieland/Documents/dev/my-regraph-app/src/components/Sidebar.jsx","statementMap":{"0":{"start":{"line":6,"column":34},"end":{"line":9,"column":1}},"1":{"start":{"line":7,"column":25},"end":{"line":7,"column":59}},"2":{"start":{"line":8,"column":2},"end":{"line":8,"column":49}},"3":{"start":{"line":12,"column":2},"end":{"line":33,"column":4}},"4":{"start":{"line":25,"column":55},"end":{"line":25,"column":83}}},"fnMap":{"0":{"name":"(anonymous_0)","decl":{"start":{"line":6,"column":34},"end":{"line":6,"column":35}},"loc":{"start":{"line":6,"column":40},"end":{"line":9,"column":1}},"line":6},"1":{"name":"Sidebar","decl":{"start":{"line":11,"column":24},"end":{"line":11,"column":31}},"loc":{"start":{"line":11,"column":93},"end":{"line":34,"column":1}},"line":11},"2":{"name":"(anonymous_2)","decl":{"start":{"line":25,"column":46},"end":{"line":25,"column":47}},"loc":{"start":{"line":25,"column":55},"end":{"line":25,"column":83}},"line":25}},"branchMap":{"0":{"loc":{"start":{"line":21,"column":11},"end":{"line":27,"column":11}},"type":"cond-expr","locations":[{"start":{"line":22,"column":12},"end":{"line":22,"column":25}},{"start":{"line":24,"column":12},"end":{"line":26,"column":17}}],"line":21},"1":{"loc":{"start":{"line":25,"column":17},"end":{"line":25,"column":84}},"type":"binary-expr","locations":[{"start":{"line":25,"column":17},"end":{"line":25,"column":27}},{"start":{"line":25,"column":31},"end":{"line":25,"column":84}}],"line":25}},"s":{"0":2,"1":2,"2":2,"3":7,"4":15},"f":{"0":2,"1":7,"2":15},"b":{"0":[1,6],"1":[6,6]},"_coverageSchema":"1a1c01bbd47fc00a2c39e90264f33305004495a9","hash":"7e0124a25a0e7b8d0ca9da5dc0ac1f88cd272614"}
,"/Users/oliverwieland/Documents/dev/my-regraph-app/src/components/Tooltip.jsx": {"path":"/Users/oliverwieland/Documents/dev/my-regraph-app/src/components/Tooltip.jsx","statementMap":{"0":{"start":{"line":2,"column":63},"end":{"line":2,"column":68}},"1":{"start":{"line":3,"column":2},"end":{"line":14,"column":4}}},"fnMap":{"0":{"name":"Tooltip","decl":{"start":{"line":1,"column":24},"end":{"line":1,"column":31}},"loc":{"start":{"line":1,"column":39},"end":{"line":15,"column":1}},"line":1}},"branchMap":{},"s":{"0":1,"1":1},"f":{"0":1},"b":{},"_coverageSchema":"1a1c01bbd47fc00a2c39e90264f33305004495a9","hash":"efd5588eebce83ea1411c91a2b05ee87afe469a5"}
,"/Users/oliverwieland/Documents/dev/my-regraph-app/src/helpers/helpers.js": {"path":"/Users/oliverwieland/Documents/dev/my-regraph-app/src/helpers/helpers.js","statementMap":{"0":{"start":{"line":1,"column":21},"end":{"line":1,"column":30}},"1":{"start":{"line":2,"column":18},"end":{"line":2,"column":27}},"2":{"start":{"line":6,"column":2},"end":{"line":6,"column":90}},"3":{"start":{"line":6,"column":35},"end":{"line":6,"column":81}},"4":{"start":{"line":11,"column":2},"end":{"line":11,"column":134}},"5":{"start":{"line":11,"column":35},"end":{"line":11,"column":81}},"6":{"start":{"line":11,"column":95},"end":{"line":11,"column":105}},"7":{"start":{"line":11,"column":124},"end":{"line":11,"column":129}},"8":{"start":{"line":16,"column":2},"end":{"line":16,"column":109}},"9":{"start":{"line":16,"column":35},"end":{"line":16,"column":56}},"10":{"start":{"line":16,"column":70},"end":{"line":16,"column":80}},"11":{"start":{"line":16,"column":99},"end":{"line":16,"column":104}},"12":{"start":{"line":21,"column":2},"end":{"line":21,"column":109}},"13":{"start":{"line":21,"column":35},"end":{"line":21,"column":56}},"14":{"start":{"line":21,"column":70},"end":{"line":21,"column":80}},"15":{"start":{"line":21,"column":99},"end":{"line":21,"column":104}},"16":{"start":{"line":26,"column":3},"end":{"line":30,"column":3}},"17":{"start":{"line":27,"column":4},"end":{"line":27,"column":21}},"18":{"start":{"line":29,"column":4},"end":{"line":29,"column":24}}},"fnMap":{"0":{"name":"getLinkCount","decl":{"start":{"line":5,"column":16},"end":{"line":5,"column":28}},"loc":{"start":{"line":5,"column":42},"end":{"line":7,"column":1}},"line":5},"1":{"name":"(anonymous_1)","decl":{"start":{"line":6,"column":27},"end":{"line":6,"column":28}},"loc":{"start":{"line":6,"column":35},"end":{"line":6,"column":81}},"line":6},"2":{"name":"getCombinedLinkValue","decl":{"start":{"line":10,"column":16},"end":{"line":10,"column":36}},"loc":{"start":{"line":10,"column":50},"end":{"line":12,"column":1}},"line":10},"3":{"name":"(anonymous_3)","decl":{"start":{"line":11,"column":27},"end":{"line":11,"column":28}},"loc":{"start":{"line":11,"column":35},"end":{"line":11,"column":81}},"line":11},"4":{"name":"(anonymous_4)","decl":{"start":{"line":11,"column":87},"end":{"line":11,"column":88}},"loc":{"start":{"line":11,"column":95},"end":{"line":11,"column":105}},"line":11},"5":{"name":"(anonymous_5)","decl":{"start":{"line":11,"column":114},"end":{"line":11,"column":115}},"loc":{"start":{"line":11,"column":124},"end":{"line":11,"column":129}},"line":11},"6":{"name":"getSourceValue","decl":{"start":{"line":15,"column":16},"end":{"line":15,"column":30}},"loc":{"start":{"line":15,"column":44},"end":{"line":17,"column":1}},"line":15},"7":{"name":"(anonymous_7)","decl":{"start":{"line":16,"column":27},"end":{"line":16,"column":28}},"loc":{"start":{"line":16,"column":35},"end":{"line":16,"column":56}},"line":16},"8":{"name":"(anonymous_8)","decl":{"start":{"line":16,"column":62},"end":{"line":16,"column":63}},"loc":{"start":{"line":16,"column":70},"end":{"line":16,"column":80}},"line":16},"9":{"name":"(anonymous_9)","decl":{"start":{"line":16,"column":89},"end":{"line":16,"column":90}},"loc":{"start":{"line":16,"column":99},"end":{"line":16,"column":104}},"line":16},"10":{"name":"getTargetValue","decl":{"start":{"line":20,"column":16},"end":{"line":20,"column":30}},"loc":{"start":{"line":20,"column":44},"end":{"line":22,"column":1}},"line":20},"11":{"name":"(anonymous_11)","decl":{"start":{"line":21,"column":27},"end":{"line":21,"column":28}},"loc":{"start":{"line":21,"column":35},"end":{"line":21,"column":56}},"line":21},"12":{"name":"(anonymous_12)","decl":{"start":{"line":21,"column":62},"end":{"line":21,"column":63}},"loc":{"start":{"line":21,"column":70},"end":{"line":21,"column":80}},"line":21},"13":{"name":"(anonymous_13)","decl":{"start":{"line":21,"column":89},"end":{"line":21,"column":90}},"loc":{"start":{"line":21,"column":99},"end":{"line":21,"column":104}},"line":21},"14":{"name":"getNodeColour","decl":{"start":{"line":25,"column":16},"end":{"line":25,"column":29}},"loc":{"start":{"line":25,"column":43},"end":{"line":31,"column":1}},"line":25}},"branchMap":{"0":{"loc":{"start":{"line":6,"column":35},"end":{"line":6,"column":81}},"type":"binary-expr","locations":[{"start":{"line":6,"column":35},"end":{"line":6,"column":56}},{"start":{"line":6,"column":60},"end":{"line":6,"column":81}}],"line":6},"1":{"loc":{"start":{"line":11,"column":35},"end":{"line":11,"column":81}},"type":"binary-expr","locations":[{"start":{"line":11,"column":35},"end":{"line":11,"column":56}},{"start":{"line":11,"column":60},"end":{"line":11,"column":81}}],"line":11},"2":{"loc":{"start":{"line":26,"column":3},"end":{"line":30,"column":3}},"type":"if","locations":[{"start":{"line":26,"column":3},"end":{"line":30,"column":3}},{"start":{"line":28,"column":9},"end":{"line":30,"column":3}}],"line":26},"3":{"loc":{"start":{"line":26,"column":7},"end":{"line":26,"column":77}},"type":"binary-expr","locations":[{"start":{"line":26,"column":7},"end":{"line":26,"column":40}},{"start":{"line":26,"column":44},"end":{"line":26,"column":77}}],"line":26}},"s":{"0":3,"1":3,"2":5,"3":13,"4":9,"5":25,"6":16,"7":16,"8":16,"9":40,"10":11,"11":11,"12":10,"13":28,"14":10,"15":10,"16":10,"17":5,"18":5},"f":{"0":5,"1":13,"2":9,"3":25,"4":16,"5":16,"6":16,"7":40,"8":11,"9":11,"10":10,"11":28,"12":10,"13":10,"14":10},"b":{"0":[13,9],"1":[25,17],"2":[5,5],"3":[10,5]},"_coverageSchema":"1a1c01bbd47fc00a2c39e90264f33305004495a9","hash":"340e4fe374f6f8ed3b4500cd598dc81ba7ea2b42"}
,"/Users/oliverwieland/Documents/dev/my-regraph-app/src/helpers/reformatData.js": {"path":"/Users/oliverwieland/Documents/dev/my-regraph-app/src/helpers/reformatData.js","statementMap":{"0":{"start":{"line":3,"column":20},"end":{"line":3,"column":29}},"1":{"start":{"line":4,"column":21},"end":{"line":4,"column":30}},"2":{"start":{"line":5,"column":19},"end":{"line":10,"column":1}},"3":{"start":{"line":12,"column":18},"end":{"line":12,"column":27}},"4":{"start":{"line":15,"column":18},"end":{"line":15,"column":20}},"5":{"start":{"line":16,"column":17},"end":{"line":16,"column":18}},"6":{"start":{"line":17,"column":17},"end":{"line":17,"column":18}},"7":{"start":{"line":18,"column":26},"end":{"line":18,"column":28}},"8":{"start":{"line":20,"column":4},"end":{"line":51,"column":7}},"9":{"start":{"line":21,"column":8},"end":{"line":29,"column":9}},"10":{"start":{"line":22,"column":10},"end":{"line":22,"column":68}},"11":{"start":{"line":23,"column":15},"end":{"line":29,"column":9}},"12":{"start":{"line":24,"column":10},"end":{"line":24,"column":62}},"13":{"start":{"line":25,"column":15},"end":{"line":29,"column":9}},"14":{"start":{"line":26,"column":10},"end":{"line":26,"column":62}},"15":{"start":{"line":28,"column":10},"end":{"line":28,"column":61}},"16":{"start":{"line":30,"column":8},"end":{"line":49,"column":10}},"17":{"start":{"line":50,"column":8},"end":{"line":50,"column":17}},"18":{"start":{"line":53,"column":4},"end":{"line":69,"column":7}},"19":{"start":{"line":54,"column":6},"end":{"line":67,"column":8}},"20":{"start":{"line":68,"column":6},"end":{"line":68,"column":15}},"21":{"start":{"line":70,"column":4},"end":{"line":70,"column":17}}},"fnMap":{"0":{"name":"reformatData","decl":{"start":{"line":14,"column":16},"end":{"line":14,"column":28}},"loc":{"start":{"line":14,"column":62},"end":{"line":71,"column":1}},"line":14},"1":{"name":"(anonymous_1)","decl":{"start":{"line":20,"column":30},"end":{"line":20,"column":31}},"loc":{"start":{"line":20,"column":47},"end":{"line":51,"column":5}},"line":20},"2":{"name":"(anonymous_2)","decl":{"start":{"line":53,"column":30},"end":{"line":53,"column":31}},"loc":{"start":{"line":53,"column":47},"end":{"line":69,"column":5}},"line":53}},"branchMap":{"0":{"loc":{"start":{"line":21,"column":8},"end":{"line":29,"column":9}},"type":"if","locations":[{"start":{"line":21,"column":8},"end":{"line":29,"column":9}},{"start":{"line":23,"column":15},"end":{"line":29,"column":9}}],"line":21},"1":{"loc":{"start":{"line":23,"column":15},"end":{"line":29,"column":9}},"type":"if","locations":[{"start":{"line":23,"column":15},"end":{"line":29,"column":9}},{"start":{"line":25,"column":15},"end":{"line":29,"column":9}}],"line":23},"2":{"loc":{"start":{"line":25,"column":15},"end":{"line":29,"column":9}},"type":"if","locations":[{"start":{"line":25,"column":15},"end":{"line":29,"column":9}},{"start":{"line":27,"column":15},"end":{"line":29,"column":9}}],"line":25}},"s":{"0":2,"1":2,"2":2,"3":2,"4":2,"5":2,"6":2,"7":2,"8":2,"9":4,"10":3,"11":1,"12":1,"13":0,"14":0,"15":0,"16":4,"17":4,"18":2,"19":4,"20":4,"21":2},"f":{"0":2,"1":4,"2":4},"b":{"0":[3,1],"1":[1,0],"2":[0,0]},"_coverageSchema":"1a1c01bbd47fc00a2c39e90264f33305004495a9","hash":"b6a5ad0aff4cffe9e3f9d5473dd01da60e39a7e0"}
,"/Users/oliverwieland/Documents/dev/my-regraph-app/src/mocks/fileMock.js": {"path":"/Users/oliverwieland/Documents/dev/my-regraph-app/src/mocks/fileMock.js","statementMap":{"0":{"start":{"line":1,"column":0},"end":{"line":4,"column":2}}},"fnMap":{},"branchMap":{},"s":{"0":2},"f":{},"b":{},"_coverageSchema":"1a1c01bbd47fc00a2c39e90264f33305004495a9","hash":"2c643e369127b2e9ed03ae0a3df3dec17fc842d9"}
}
