{"/Users/oliverwieland/Documents/dev/my-regraph-app/src/App.jsx": {"path":"/Users/oliverwieland/Documents/dev/my-regraph-app/src/App.jsx","statementMap":{"0":{"start":{"line":8,"column":20},"end":{"line":8,"column":29}},"1":{"start":{"line":9,"column":19},"end":{"line":9,"column":28}},"2":{"start":{"line":10,"column":20},"end":{"line":10,"column":29}},"3":{"start":{"line":16,"column":54},"end":{"line":16,"column":74}},"4":{"start":{"line":17,"column":30},"end":{"line":17,"column":42}},"5":{"start":{"line":18,"column":26},"end":{"line":18,"column":40}},"6":{"start":{"line":19,"column":28},"end":{"line":19,"column":42}},"7":{"start":{"line":20,"column":32},"end":{"line":20,"column":97}},"8":{"start":{"line":22,"column":21},"end":{"line":54,"column":1}},"9":{"start":{"line":57,"column":2},"end":{"line":62,"column":27}},"10":{"start":{"line":58,"column":4},"end":{"line":61,"column":72}},"11":{"start":{"line":59,"column":24},"end":{"line":59,"column":39}},"12":{"start":{"line":60,"column":20},"end":{"line":60,"column":67}},"13":{"start":{"line":61,"column":22},"end":{"line":61,"column":70}},"14":{"start":{"line":65,"column":2},"end":{"line":71,"column":13}},"15":{"start":{"line":66,"column":4},"end":{"line":70,"column":5}},"16":{"start":{"line":67,"column":17},"end":{"line":67,"column":108}},"17":{"start":{"line":67,"column":52},"end":{"line":67,"column":61}},"18":{"start":{"line":67,"column":78},"end":{"line":67,"column":95}},"19":{"start":{"line":68,"column":22},"end":{"line":68,"column":126}},"20":{"start":{"line":68,"column":54},"end":{"line":68,"column":125}},"21":{"start":{"line":68,"column":77},"end":{"line":68,"column":92}},"22":{"start":{"line":69,"column":6},"end":{"line":69,"column":27}},"23":{"start":{"line":74,"column":24},"end":{"line":95,"column":3}},"24":{"start":{"line":75,"column":17},"end":{"line":75,"column":25}},"25":{"start":{"line":76,"column":4},"end":{"line":94,"column":5}},"26":{"start":{"line":77,"column":6},"end":{"line":84,"column":9}},"27":{"start":{"line":86,"column":6},"end":{"line":93,"column":9}},"28":{"start":{"line":98,"column":35},"end":{"line":100,"column":3}},"29":{"start":{"line":99,"column":4},"end":{"line":99,"column":49}},"30":{"start":{"line":103,"column":30},"end":{"line":114,"column":3}},"31":{"start":{"line":104,"column":4},"end":{"line":113,"column":7}},"32":{"start":{"line":117,"column":19},"end":{"line":117,"column":37}},"33":{"start":{"line":118,"column":2},"end":{"line":124,"column":9}},"34":{"start":{"line":119,"column":4},"end":{"line":119,"column":56}},"35":{"start":{"line":120,"column":4},"end":{"line":123,"column":6}},"36":{"start":{"line":122,"column":6},"end":{"line":122,"column":61}},"37":{"start":{"line":126,"column":4},"end":{"line":147,"column":5}},"38":{"start":{"line":128,"column":8},"end":{"line":128,"column":38}},"39":{"start":{"line":129,"column":8},"end":{"line":129,"column":14}},"40":{"start":{"line":131,"column":8},"end":{"line":131,"column":37}},"41":{"start":{"line":132,"column":8},"end":{"line":132,"column":14}},"42":{"start":{"line":134,"column":8},"end":{"line":134,"column":35}},"43":{"start":{"line":135,"column":8},"end":{"line":135,"column":14}},"44":{"start":{"line":137,"column":8},"end":{"line":137,"column":37}},"45":{"start":{"line":138,"column":8},"end":{"line":138,"column":14}},"46":{"start":{"line":140,"column":8},"end":{"line":140,"column":36}},"47":{"start":{"line":141,"column":8},"end":{"line":141,"column":14}},"48":{"start":{"line":143,"column":8},"end":{"line":143,"column":37}},"49":{"start":{"line":144,"column":8},"end":{"line":144,"column":14}},"50":{"start":{"line":146,"column":8},"end":{"line":146,"column":14}},"51":{"start":{"line":150,"column":22},"end":{"line":157,"column":3}},"52":{"start":{"line":159,"column":15},"end":{"line":163,"column":3}},"53":{"start":{"line":160,"column":4},"end":{"line":162,"column":5}},"54":{"start":{"line":161,"column":6},"end":{"line":161,"column":57}},"55":{"start":{"line":165,"column":2},"end":{"line":165,"column":30}},"56":{"start":{"line":167,"column":2},"end":{"line":213,"column":4}}},"fnMap":{"0":{"name":"Fetch","decl":{"start":{"line":13,"column":24},"end":{"line":13,"column":29}},"loc":{"start":{"line":13,"column":32},"end":{"line":214,"column":1}},"line":13},"1":{"name":"(anonymous_1)","decl":{"start":{"line":57,"column":12},"end":{"line":57,"column":13}},"loc":{"start":{"line":57,"column":18},"end":{"line":62,"column":3}},"line":57},"2":{"name":"(anonymous_2)","decl":{"start":{"line":59,"column":12},"end":{"line":59,"column":13}},"loc":{"start":{"line":59,"column":24},"end":{"line":59,"column":39}},"line":59},"3":{"name":"(anonymous_3)","decl":{"start":{"line":60,"column":12},"end":{"line":60,"column":13}},"loc":{"start":{"line":60,"column":20},"end":{"line":60,"column":67}},"line":60},"4":{"name":"(anonymous_4)","decl":{"start":{"line":61,"column":13},"end":{"line":61,"column":14}},"loc":{"start":{"line":61,"column":22},"end":{"line":61,"column":70}},"line":61},"5":{"name":"(anonymous_5)","decl":{"start":{"line":65,"column":12},"end":{"line":65,"column":13}},"loc":{"start":{"line":65,"column":18},"end":{"line":71,"column":3}},"line":65},"6":{"name":"(anonymous_6)","decl":{"start":{"line":67,"column":44},"end":{"line":67,"column":45}},"loc":{"start":{"line":67,"column":52},"end":{"line":67,"column":61}},"line":67},"7":{"name":"(anonymous_7)","decl":{"start":{"line":67,"column":68},"end":{"line":67,"column":69}},"loc":{"start":{"line":67,"column":78},"end":{"line":67,"column":95}},"line":67},"8":{"name":"(anonymous_8)","decl":{"start":{"line":68,"column":46},"end":{"line":68,"column":47}},"loc":{"start":{"line":68,"column":54},"end":{"line":68,"column":125}},"line":68},"9":{"name":"(anonymous_9)","decl":{"start":{"line":68,"column":70},"end":{"line":68,"column":71}},"loc":{"start":{"line":68,"column":77},"end":{"line":68,"column":92}},"line":68},"10":{"name":"(anonymous_10)","decl":{"start":{"line":74,"column":24},"end":{"line":74,"column":25}},"loc":{"start":{"line":74,"column":42},"end":{"line":95,"column":3}},"line":74},"11":{"name":"(anonymous_11)","decl":{"start":{"line":98,"column":35},"end":{"line":98,"column":36}},"loc":{"start":{"line":98,"column":62},"end":{"line":100,"column":3}},"line":98},"12":{"name":"(anonymous_12)","decl":{"start":{"line":103,"column":30},"end":{"line":103,"column":31}},"loc":{"start":{"line":103,"column":48},"end":{"line":114,"column":3}},"line":103},"13":{"name":"(anonymous_13)","decl":{"start":{"line":118,"column":12},"end":{"line":118,"column":13}},"loc":{"start":{"line":118,"column":18},"end":{"line":124,"column":3}},"line":118},"14":{"name":"(anonymous_14)","decl":{"start":{"line":120,"column":11},"end":{"line":120,"column":12}},"loc":{"start":{"line":120,"column":17},"end":{"line":123,"column":5}},"line":120},"15":{"name":"handleKeyDown","decl":{"start":{"line":125,"column":11},"end":{"line":125,"column":24}},"loc":{"start":{"line":125,"column":28},"end":{"line":148,"column":3}},"line":125},"16":{"name":"(anonymous_16)","decl":{"start":{"line":159,"column":15},"end":{"line":159,"column":16}},"loc":{"start":{"line":159,"column":27},"end":{"line":163,"column":3}},"line":159}},"branchMap":{"0":{"loc":{"start":{"line":66,"column":4},"end":{"line":70,"column":5}},"type":"if","locations":[{"start":{"line":66,"column":4},"end":{"line":70,"column":5}},{"start":{},"end":{}}],"line":66},"1":{"loc":{"start":{"line":68,"column":77},"end":{"line":68,"column":92}},"type":"binary-expr","locations":[{"start":{"line":68,"column":77},"end":{"line":68,"column":80}},{"start":{"line":68,"column":84},"end":{"line":68,"column":92}}],"line":68},"2":{"loc":{"start":{"line":76,"column":4},"end":{"line":94,"column":5}},"type":"if","locations":[{"start":{"line":76,"column":4},"end":{"line":94,"column":5}},{"start":{"line":85,"column":11},"end":{"line":94,"column":5}}],"line":76},"3":{"loc":{"start":{"line":76,"column":8},"end":{"line":76,"column":39}},"type":"binary-expr","locations":[{"start":{"line":76,"column":8},"end":{"line":76,"column":12}},{"start":{"line":76,"column":16},"end":{"line":76,"column":25}},{"start":{"line":76,"column":29},"end":{"line":76,"column":39}}],"line":76},"4":{"loc":{"start":{"line":126,"column":4},"end":{"line":147,"column":5}},"type":"switch","locations":[{"start":{"line":127,"column":6},"end":{"line":129,"column":14}},{"start":{"line":130,"column":6},"end":{"line":132,"column":14}},{"start":{"line":133,"column":6},"end":{"line":135,"column":14}},{"start":{"line":136,"column":6},"end":{"line":138,"column":14}},{"start":{"line":139,"column":6},"end":{"line":141,"column":14}},{"start":{"line":142,"column":6},"end":{"line":144,"column":14}},{"start":{"line":145,"column":6},"end":{"line":146,"column":14}}],"line":126},"5":{"loc":{"start":{"line":160,"column":4},"end":{"line":162,"column":5}},"type":"if","locations":[{"start":{"line":160,"column":4},"end":{"line":162,"column":5}},{"start":{},"end":{}}],"line":160},"6":{"loc":{"start":{"line":201,"column":7},"end":{"line":211,"column":7}},"type":"binary-expr","locations":[{"start":{"line":201,"column":7},"end":{"line":201,"column":22}},{"start":{"line":202,"column":8},"end":{"line":210,"column":10}}],"line":201}},"s":{"0":1,"1":1,"2":1,"3":9,"4":9,"5":9,"6":9,"7":9,"8":9,"9":9,"10":4,"11":3,"12":3,"13":1,"14":9,"15":5,"16":2,"17":12,"18":4,"19":2,"20":6,"21":6,"22":2,"23":9,"24":0,"25":0,"26":0,"27":0,"28":9,"29":1,"30":9,"31":0,"32":9,"33":9,"34":3,"35":3,"36":3,"37":0,"38":0,"39":0,"40":0,"41":0,"42":0,"43":0,"44":0,"45":0,"46":0,"47":0,"48":0,"49":0,"50":0,"51":9,"52":9,"53":0,"54":0,"55":9,"56":9},"f":{"0":9,"1":4,"2":3,"3":3,"4":1,"5":5,"6":12,"7":4,"8":6,"9":6,"10":0,"11":1,"12":0,"13":3,"14":3,"15":0,"16":0},"b":{"0":[2,3],"1":[6,6],"2":[0,0],"3":[0,0,0],"4":[0,0,0,0,0,0,0],"5":[0,0],"6":[9,0]},"_coverageSchema":"1a1c01bbd47fc00a2c39e90264f33305004495a9","hash":"8f27d8cc6e93c1816c077a8550d80e8cf48ee487"}
,"/Users/oliverwieland/Documents/dev/my-regraph-app/src/components/RadioButtonGroup.jsx": {"path":"/Users/oliverwieland/Documents/dev/my-regraph-app/src/components/RadioButtonGroup.jsx","statementMap":{"0":{"start":{"line":5,"column":28},"end":{"line":7,"column":3}},"1":{"start":{"line":6,"column":4},"end":{"line":6,"column":43}},"2":{"start":{"line":8,"column":2},"end":{"line":55,"column":4}}},"fnMap":{"0":{"name":"RadioButtonGroup","decl":{"start":{"line":4,"column":24},"end":{"line":4,"column":40}},"loc":{"start":{"line":4,"column":85},"end":{"line":56,"column":1}},"line":4},"1":{"name":"(anonymous_1)","decl":{"start":{"line":5,"column":28},"end":{"line":5,"column":29}},"loc":{"start":{"line":5,"column":39},"end":{"line":7,"column":3}},"line":5}},"branchMap":{},"s":{"0":13,"1":2,"2":13},"f":{"0":13,"1":2},"b":{},"_coverageSchema":"1a1c01bbd47fc00a2c39e90264f33305004495a9","hash":"97aaa4b89700c9e2bdc2bbfcae40d82412d1b3fb"}
,"/Users/oliverwieland/Documents/dev/my-regraph-app/src/components/Sidebar.jsx": {"path":"/Users/oliverwieland/Documents/dev/my-regraph-app/src/components/Sidebar.jsx","statementMap":{"0":{"start":{"line":6,"column":34},"end":{"line":9,"column":1}},"1":{"start":{"line":7,"column":25},"end":{"line":7,"column":59}},"2":{"start":{"line":8,"column":2},"end":{"line":8,"column":49}},"3":{"start":{"line":12,"column":2},"end":{"line":33,"column":4}},"4":{"start":{"line":25,"column":55},"end":{"line":25,"column":83}}},"fnMap":{"0":{"name":"(anonymous_0)","decl":{"start":{"line":6,"column":34},"end":{"line":6,"column":35}},"loc":{"start":{"line":6,"column":40},"end":{"line":9,"column":1}},"line":6},"1":{"name":"Sidebar","decl":{"start":{"line":11,"column":24},"end":{"line":11,"column":31}},"loc":{"start":{"line":11,"column":93},"end":{"line":34,"column":1}},"line":11},"2":{"name":"(anonymous_2)","decl":{"start":{"line":25,"column":46},"end":{"line":25,"column":47}},"loc":{"start":{"line":25,"column":55},"end":{"line":25,"column":83}},"line":25}},"branchMap":{"0":{"loc":{"start":{"line":21,"column":11},"end":{"line":27,"column":11}},"type":"cond-expr","locations":[{"start":{"line":22,"column":12},"end":{"line":22,"column":25}},{"start":{"line":24,"column":12},"end":{"line":26,"column":17}}],"line":21},"1":{"loc":{"start":{"line":25,"column":17},"end":{"line":25,"column":84}},"type":"binary-expr","locations":[{"start":{"line":25,"column":17},"end":{"line":25,"column":27}},{"start":{"line":25,"column":31},"end":{"line":25,"column":84}}],"line":25}},"s":{"0":2,"1":2,"2":2,"3":11,"4":18},"f":{"0":2,"1":11,"2":18},"b":{"0":[1,10],"1":[10,10]},"_coverageSchema":"1a1c01bbd47fc00a2c39e90264f33305004495a9","hash":"7e0124a25a0e7b8d0ca9da5dc0ac1f88cd272614"}
,"/Users/oliverwieland/Documents/dev/my-regraph-app/src/components/Tooltip.jsx": {"path":"/Users/oliverwieland/Documents/dev/my-regraph-app/src/components/Tooltip.jsx","statementMap":{"0":{"start":{"line":2,"column":63},"end":{"line":2,"column":68}},"1":{"start":{"line":3,"column":2},"end":{"line":14,"column":4}}},"fnMap":{"0":{"name":"Tooltip","decl":{"start":{"line":1,"column":24},"end":{"line":1,"column":31}},"loc":{"start":{"line":1,"column":39},"end":{"line":15,"column":1}},"line":1}},"branchMap":{},"s":{"0":1,"1":1},"f":{"0":1},"b":{},"_coverageSchema":"1a1c01bbd47fc00a2c39e90264f33305004495a9","hash":"efd5588eebce83ea1411c91a2b05ee87afe469a5"}
,"/Users/oliverwieland/Documents/dev/my-regraph-app/src/helpers/helpers.js": {"path":"/Users/oliverwieland/Documents/dev/my-regraph-app/src/helpers/helpers.js","statementMap":{"0":{"start":{"line":1,"column":21},"end":{"line":1,"column":30}},"1":{"start":{"line":2,"column":18},"end":{"line":2,"column":27}},"2":{"start":{"line":6,"column":2},"end":{"line":6,"column":90}},"3":{"start":{"line":6,"column":35},"end":{"line":6,"column":81}},"4":{"start":{"line":11,"column":2},"end":{"line":11,"column":134}},"5":{"start":{"line":11,"column":35},"end":{"line":11,"column":81}},"6":{"start":{"line":11,"column":95},"end":{"line":11,"column":105}},"7":{"start":{"line":11,"column":124},"end":{"line":11,"column":129}},"8":{"start":{"line":16,"column":2},"end":{"line":16,"column":109}},"9":{"start":{"line":16,"column":35},"end":{"line":16,"column":56}},"10":{"start":{"line":16,"column":70},"end":{"line":16,"column":80}},"11":{"start":{"line":16,"column":99},"end":{"line":16,"column":104}},"12":{"start":{"line":21,"column":2},"end":{"line":21,"column":109}},"13":{"start":{"line":21,"column":35},"end":{"line":21,"column":56}},"14":{"start":{"line":21,"column":70},"end":{"line":21,"column":80}},"15":{"start":{"line":21,"column":99},"end":{"line":21,"column":104}},"16":{"start":{"line":26,"column":3},"end":{"line":30,"column":3}},"17":{"start":{"line":27,"column":4},"end":{"line":27,"column":21}},"18":{"start":{"line":29,"column":4},"end":{"line":29,"column":24}}},"fnMap":{"0":{"name":"getLinkCount","decl":{"start":{"line":5,"column":16},"end":{"line":5,"column":28}},"loc":{"start":{"line":5,"column":42},"end":{"line":7,"column":1}},"line":5},"1":{"name":"(anonymous_1)","decl":{"start":{"line":6,"column":27},"end":{"line":6,"column":28}},"loc":{"start":{"line":6,"column":35},"end":{"line":6,"column":81}},"line":6},"2":{"name":"getCombinedLinkValue","decl":{"start":{"line":10,"column":16},"end":{"line":10,"column":36}},"loc":{"start":{"line":10,"column":50},"end":{"line":12,"column":1}},"line":10},"3":{"name":"(anonymous_3)","decl":{"start":{"line":11,"column":27},"end":{"line":11,"column":28}},"loc":{"start":{"line":11,"column":35},"end":{"line":11,"column":81}},"line":11},"4":{"name":"(anonymous_4)","decl":{"start":{"line":11,"column":87},"end":{"line":11,"column":88}},"loc":{"start":{"line":11,"column":95},"end":{"line":11,"column":105}},"line":11},"5":{"name":"(anonymous_5)","decl":{"start":{"line":11,"column":114},"end":{"line":11,"column":115}},"loc":{"start":{"line":11,"column":124},"end":{"line":11,"column":129}},"line":11},"6":{"name":"getSourceValue","decl":{"start":{"line":15,"column":16},"end":{"line":15,"column":30}},"loc":{"start":{"line":15,"column":44},"end":{"line":17,"column":1}},"line":15},"7":{"name":"(anonymous_7)","decl":{"start":{"line":16,"column":27},"end":{"line":16,"column":28}},"loc":{"start":{"line":16,"column":35},"end":{"line":16,"column":56}},"line":16},"8":{"name":"(anonymous_8)","decl":{"start":{"line":16,"column":62},"end":{"line":16,"column":63}},"loc":{"start":{"line":16,"column":70},"end":{"line":16,"column":80}},"line":16},"9":{"name":"(anonymous_9)","decl":{"start":{"line":16,"column":89},"end":{"line":16,"column":90}},"loc":{"start":{"line":16,"column":99},"end":{"line":16,"column":104}},"line":16},"10":{"name":"getTargetValue","decl":{"start":{"line":20,"column":16},"end":{"line":20,"column":30}},"loc":{"start":{"line":20,"column":44},"end":{"line":22,"column":1}},"line":20},"11":{"name":"(anonymous_11)","decl":{"start":{"line":21,"column":27},"end":{"line":21,"column":28}},"loc":{"start":{"line":21,"column":35},"end":{"line":21,"column":56}},"line":21},"12":{"name":"(anonymous_12)","decl":{"start":{"line":21,"column":62},"end":{"line":21,"column":63}},"loc":{"start":{"line":21,"column":70},"end":{"line":21,"column":80}},"line":21},"13":{"name":"(anonymous_13)","decl":{"start":{"line":21,"column":89},"end":{"line":21,"column":90}},"loc":{"start":{"line":21,"column":99},"end":{"line":21,"column":104}},"line":21},"14":{"name":"getNodeColour","decl":{"start":{"line":25,"column":16},"end":{"line":25,"column":29}},"loc":{"start":{"line":25,"column":43},"end":{"line":31,"column":1}},"line":25}},"branchMap":{"0":{"loc":{"start":{"line":6,"column":35},"end":{"line":6,"column":81}},"type":"binary-expr","locations":[{"start":{"line":6,"column":35},"end":{"line":6,"column":56}},{"start":{"line":6,"column":60},"end":{"line":6,"column":81}}],"line":6},"1":{"loc":{"start":{"line":11,"column":35},"end":{"line":11,"column":81}},"type":"binary-expr","locations":[{"start":{"line":11,"column":35},"end":{"line":11,"column":56}},{"start":{"line":11,"column":60},"end":{"line":11,"column":81}}],"line":11},"2":{"loc":{"start":{"line":26,"column":3},"end":{"line":30,"column":3}},"type":"if","locations":[{"start":{"line":26,"column":3},"end":{"line":30,"column":3}},{"start":{"line":28,"column":9},"end":{"line":30,"column":3}}],"line":26},"3":{"loc":{"start":{"line":26,"column":7},"end":{"line":26,"column":77}},"type":"binary-expr","locations":[{"start":{"line":26,"column":7},"end":{"line":26,"column":40}},{"start":{"line":26,"column":44},"end":{"line":26,"column":77}}],"line":26}},"s":{"0":3,"1":3,"2":11,"3":31,"4":18,"5":52,"6":34,"7":34,"8":37,"9":103,"10":32,"11":32,"12":24,"13":70,"14":24,"15":24,"16":22,"17":9,"18":13},"f":{"0":11,"1":31,"2":18,"3":52,"4":34,"5":34,"6":37,"7":103,"8":32,"9":32,"10":24,"11":70,"12":24,"13":24,"14":22},"b":{"0":[31,21],"1":[52,35],"2":[9,13],"3":[22,13]},"_coverageSchema":"1a1c01bbd47fc00a2c39e90264f33305004495a9","hash":"340e4fe374f6f8ed3b4500cd598dc81ba7ea2b42"}
,"/Users/oliverwieland/Documents/dev/my-regraph-app/src/helpers/reformatData.js": {"path":"/Users/oliverwieland/Documents/dev/my-regraph-app/src/helpers/reformatData.js","statementMap":{"0":{"start":{"line":3,"column":20},"end":{"line":3,"column":29}},"1":{"start":{"line":4,"column":21},"end":{"line":4,"column":30}},"2":{"start":{"line":5,"column":19},"end":{"line":10,"column":1}},"3":{"start":{"line":12,"column":18},"end":{"line":12,"column":27}},"4":{"start":{"line":15,"column":18},"end":{"line":15,"column":20}},"5":{"start":{"line":16,"column":17},"end":{"line":16,"column":18}},"6":{"start":{"line":17,"column":17},"end":{"line":17,"column":18}},"7":{"start":{"line":18,"column":26},"end":{"line":18,"column":28}},"8":{"start":{"line":20,"column":4},"end":{"line":51,"column":7}},"9":{"start":{"line":21,"column":8},"end":{"line":29,"column":9}},"10":{"start":{"line":22,"column":10},"end":{"line":22,"column":68}},"11":{"start":{"line":23,"column":15},"end":{"line":29,"column":9}},"12":{"start":{"line":24,"column":10},"end":{"line":24,"column":62}},"13":{"start":{"line":25,"column":15},"end":{"line":29,"column":9}},"14":{"start":{"line":26,"column":10},"end":{"line":26,"column":62}},"15":{"start":{"line":28,"column":10},"end":{"line":28,"column":61}},"16":{"start":{"line":30,"column":8},"end":{"line":49,"column":10}},"17":{"start":{"line":50,"column":8},"end":{"line":50,"column":17}},"18":{"start":{"line":53,"column":4},"end":{"line":69,"column":7}},"19":{"start":{"line":54,"column":6},"end":{"line":67,"column":8}},"20":{"start":{"line":68,"column":6},"end":{"line":68,"column":15}},"21":{"start":{"line":70,"column":4},"end":{"line":70,"column":17}}},"fnMap":{"0":{"name":"reformatData","decl":{"start":{"line":14,"column":16},"end":{"line":14,"column":28}},"loc":{"start":{"line":14,"column":62},"end":{"line":71,"column":1}},"line":14},"1":{"name":"(anonymous_1)","decl":{"start":{"line":20,"column":30},"end":{"line":20,"column":31}},"loc":{"start":{"line":20,"column":47},"end":{"line":51,"column":5}},"line":20},"2":{"name":"(anonymous_2)","decl":{"start":{"line":53,"column":30},"end":{"line":53,"column":31}},"loc":{"start":{"line":53,"column":47},"end":{"line":69,"column":5}},"line":53}},"branchMap":{"0":{"loc":{"start":{"line":21,"column":8},"end":{"line":29,"column":9}},"type":"if","locations":[{"start":{"line":21,"column":8},"end":{"line":29,"column":9}},{"start":{"line":23,"column":15},"end":{"line":29,"column":9}}],"line":21},"1":{"loc":{"start":{"line":23,"column":15},"end":{"line":29,"column":9}},"type":"if","locations":[{"start":{"line":23,"column":15},"end":{"line":29,"column":9}},{"start":{"line":25,"column":15},"end":{"line":29,"column":9}}],"line":23},"2":{"loc":{"start":{"line":25,"column":15},"end":{"line":29,"column":9}},"type":"if","locations":[{"start":{"line":25,"column":15},"end":{"line":29,"column":9}},{"start":{"line":27,"column":15},"end":{"line":29,"column":9}}],"line":25}},"s":{"0":2,"1":2,"2":2,"3":2,"4":4,"5":4,"6":4,"7":4,"8":4,"9":10,"10":6,"11":4,"12":4,"13":0,"14":0,"15":0,"16":10,"17":10,"18":4,"19":10,"20":10,"21":4},"f":{"0":4,"1":10,"2":10},"b":{"0":[6,4],"1":[4,0],"2":[0,0]},"_coverageSchema":"1a1c01bbd47fc00a2c39e90264f33305004495a9","hash":"b6a5ad0aff4cffe9e3f9d5473dd01da60e39a7e0"}
,"/Users/oliverwieland/Documents/dev/my-regraph-app/src/mocks/fileMock.js": {"path":"/Users/oliverwieland/Documents/dev/my-regraph-app/src/mocks/fileMock.js","statementMap":{"0":{"start":{"line":1,"column":0},"end":{"line":4,"column":2}}},"fnMap":{},"branchMap":{},"s":{"0":2},"f":{},"b":{},"_coverageSchema":"1a1c01bbd47fc00a2c39e90264f33305004495a9","hash":"2c643e369127b2e9ed03ae0a3df3dec17fc842d9"}
}
