TN:
SF:src/App.jsx
FN:13,Fetch
FN:23,(anonymous_1)
FN:25,(anonymous_2)
FN:26,(anonymous_3)
FN:27,(anonymous_4)
FN:31,(anonymous_5)
FN:33,(anonymous_6)
FN:33,(anonymous_7)
FN:34,(anonymous_8)
FN:34,(anonymous_9)
FN:40,(anonymous_10)
FN:64,(anonymous_11)
FN:69,(anonymous_12)
FN:84,(anonymous_13)
FN:86,(anonymous_14)
FN:91,handleKeyDown
FN:125,(anonymous_16)
FNF:17
FNH:12
FNDA:5,Fetch
FNDA:2,(anonymous_1)
FNDA:1,(anonymous_2)
FNDA:1,(anonymous_3)
FNDA:1,(anonymous_4)
FNDA:3,(anonymous_5)
FNDA:6,(anonymous_6)
FNDA:2,(anonymous_7)
FNDA:3,(anonymous_8)
FNDA:3,(anonymous_9)
FNDA:0,(anonymous_10)
FNDA:0,(anonymous_11)
FNDA:0,(anonymous_12)
FNDA:2,(anonymous_13)
FNDA:2,(anonymous_14)
FNDA:0,handleKeyDown
FNDA:0,(anonymous_16)
DA:8,1
DA:9,1
DA:10,1
DA:16,5
DA:17,5
DA:18,5
DA:19,5
DA:20,5
DA:23,5
DA:24,2
DA:25,1
DA:26,1
DA:27,1
DA:31,5
DA:32,3
DA:33,6
DA:34,3
DA:35,1
DA:40,5
DA:41,0
DA:42,0
DA:43,0
DA:52,0
DA:64,5
DA:65,0
DA:69,5
DA:70,0
DA:83,5
DA:84,5
DA:85,2
DA:86,2
DA:88,2
DA:92,0
DA:94,0
DA:95,0
DA:97,0
DA:98,0
DA:100,0
DA:101,0
DA:103,0
DA:104,0
DA:106,0
DA:107,0
DA:109,0
DA:110,0
DA:112,0
DA:116,5
DA:125,5
DA:126,0
DA:127,0
DA:131,5
LF:51
LH:29
BRDA:32,0,0,1
BRDA:32,0,1,2
BRDA:34,1,0,3
BRDA:34,1,1,3
BRDA:42,2,0,0
BRDA:42,2,1,0
BRDA:42,3,0,0
BRDA:42,3,1,0
BRDA:42,3,2,0
BRDA:92,4,0,0
BRDA:92,4,1,0
BRDA:92,4,2,0
BRDA:92,4,3,0
BRDA:92,4,4,0
BRDA:92,4,5,0
BRDA:92,4,6,0
BRDA:126,5,0,0
BRDA:126,5,1,0
BRDA:165,6,0,5
BRDA:165,6,1,0
BRF:20
BRH:5
end_of_record
TN:
SF:src/components/RadioButtonGroup.jsx
FN:4,RadioButtonGroup
FN:5,(anonymous_1)
FNF:2
FNH:2
FNDA:9,RadioButtonGroup
FNDA:1,(anonymous_1)
DA:5,9
DA:6,1
DA:8,9
LF:3
LH:3
BRF:0
BRH:0
end_of_record
TN:
SF:src/components/Sidebar.jsx
FN:6,(anonymous_0)
FN:11,Sidebar
FN:25,(anonymous_2)
FNF:3
FNH:3
FNDA:2,(anonymous_0)
FNDA:7,Sidebar
FNDA:15,(anonymous_2)
DA:6,2
DA:7,2
DA:8,2
DA:12,7
DA:25,15
LF:5
LH:5
BRDA:21,0,0,1
BRDA:21,0,1,6
BRDA:25,1,0,6
BRDA:25,1,1,6
BRF:4
BRH:4
end_of_record
TN:
SF:src/components/Tooltip.jsx
FN:1,Tooltip
FNF:1
FNH:1
FNDA:1,Tooltip
DA:2,1
DA:3,1
LF:2
LH:2
BRF:0
BRH:0
end_of_record
TN:
SF:src/helpers/helpers.js
FN:5,getLinkCount
FN:6,(anonymous_1)
FN:10,getCombinedLinkValue
FN:11,(anonymous_3)
FN:11,(anonymous_4)
FN:11,(anonymous_5)
FN:15,getSourceValue
FN:16,(anonymous_7)
FN:16,(anonymous_8)
FN:16,(anonymous_9)
FN:20,getTargetValue
FN:21,(anonymous_11)
FN:21,(anonymous_12)
FN:21,(anonymous_13)
FN:25,getNodeColour
FNF:15
FNH:15
FNDA:5,getLinkCount
FNDA:13,(anonymous_1)
FNDA:9,getCombinedLinkValue
FNDA:25,(anonymous_3)
FNDA:16,(anonymous_4)
FNDA:16,(anonymous_5)
FNDA:16,getSourceValue
FNDA:40,(anonymous_7)
FNDA:11,(anonymous_8)
FNDA:11,(anonymous_9)
FNDA:10,getTargetValue
FNDA:28,(anonymous_11)
FNDA:10,(anonymous_12)
FNDA:10,(anonymous_13)
FNDA:10,getNodeColour
DA:1,3
DA:2,3
DA:6,13
DA:11,25
DA:16,40
DA:21,28
DA:26,10
DA:27,5
DA:29,5
LF:9
LH:9
BRDA:6,0,0,13
BRDA:6,0,1,9
BRDA:11,1,0,25
BRDA:11,1,1,17
BRDA:26,2,0,5
BRDA:26,2,1,5
BRDA:26,3,0,10
BRDA:26,3,1,5
BRF:8
BRH:8
end_of_record
TN:
SF:src/helpers/reformatData.js
FN:14,reformatData
FN:20,(anonymous_1)
FN:53,(anonymous_2)
FNF:3
FNH:3
FNDA:2,reformatData
FNDA:4,(anonymous_1)
FNDA:4,(anonymous_2)
DA:3,2
DA:4,2
DA:5,2
DA:12,2
DA:15,2
DA:16,2
DA:17,2
DA:18,2
DA:20,2
DA:21,4
DA:22,3
DA:23,1
DA:24,1
DA:25,0
DA:26,0
DA:28,0
DA:30,4
DA:50,4
DA:53,2
DA:54,4
DA:68,4
DA:70,2
LF:22
LH:19
BRDA:21,0,0,3
BRDA:21,0,1,1
BRDA:23,1,0,1
BRDA:23,1,1,0
BRDA:25,2,0,0
BRDA:25,2,1,0
BRF:6
BRH:3
end_of_record
TN:
SF:src/mocks/fileMock.js
FNF:0
FNH:0
DA:1,2
LF:1
LH:1
BRF:0
BRH:0
end_of_record
