TN:
SF:src/App.jsx
FN:13,Fetch
FN:57,(anonymous_1)
FN:59,(anonymous_2)
FN:60,(anonymous_3)
FN:61,(anonymous_4)
FN:65,(anonymous_5)
FN:67,(anonymous_6)
FN:67,(anonymous_7)
FN:68,(anonymous_8)
FN:68,(anonymous_9)
FN:74,(anonymous_10)
FN:98,(anonymous_11)
FN:103,(anonymous_12)
FN:118,(anonymous_13)
FN:120,(anonymous_14)
FN:125,handleKeyDown
FN:159,(anonymous_16)
FNF:17
FNH:13
FNDA:9,Fetch
FNDA:4,(anonymous_1)
FNDA:3,(anonymous_2)
FNDA:3,(anonymous_3)
FNDA:1,(anonymous_4)
FNDA:5,(anonymous_5)
FNDA:12,(anonymous_6)
FNDA:4,(anonymous_7)
FNDA:6,(anonymous_8)
FNDA:6,(anonymous_9)
FNDA:0,(anonymous_10)
FNDA:1,(anonymous_11)
FNDA:0,(anonymous_12)
FNDA:3,(anonymous_13)
FNDA:3,(anonymous_14)
FNDA:0,handleKeyDown
FNDA:0,(anonymous_16)
DA:8,1
DA:9,1
DA:10,1
DA:16,9
DA:17,9
DA:18,9
DA:19,9
DA:20,9
DA:22,9
DA:57,9
DA:58,4
DA:59,3
DA:60,3
DA:61,1
DA:65,9
DA:66,5
DA:67,12
DA:68,6
DA:69,2
DA:74,9
DA:75,0
DA:76,0
DA:77,0
DA:86,0
DA:98,9
DA:99,1
DA:103,9
DA:104,0
DA:117,9
DA:118,9
DA:119,3
DA:120,3
DA:122,3
DA:126,0
DA:128,0
DA:129,0
DA:131,0
DA:132,0
DA:134,0
DA:135,0
DA:137,0
DA:138,0
DA:140,0
DA:141,0
DA:143,0
DA:144,0
DA:146,0
DA:150,9
DA:159,9
DA:160,0
DA:161,0
DA:165,9
DA:167,9
LF:53
LH:32
BRDA:66,0,0,2
BRDA:66,0,1,3
BRDA:68,1,0,6
BRDA:68,1,1,6
BRDA:76,2,0,0
BRDA:76,2,1,0
BRDA:76,3,0,0
BRDA:76,3,1,0
BRDA:76,3,2,0
BRDA:126,4,0,0
BRDA:126,4,1,0
BRDA:126,4,2,0
BRDA:126,4,3,0
BRDA:126,4,4,0
BRDA:126,4,5,0
BRDA:126,4,6,0
BRDA:160,5,0,0
BRDA:160,5,1,0
BRDA:201,6,0,9
BRDA:201,6,1,0
BRF:20
BRH:5
end_of_record
TN:
SF:src/components/RadioButtonGroup.jsx
FN:4,RadioButtonGroup
FN:5,(anonymous_1)
FNF:2
FNH:2
FNDA:13,RadioButtonGroup
FNDA:2,(anonymous_1)
DA:5,13
DA:6,2
DA:8,13
LF:3
LH:3
BRF:0
BRH:0
end_of_record
TN:
SF:src/components/Sidebar.jsx
FN:6,(anonymous_0)
FN:11,Sidebar
FN:25,(anonymous_2)
FNF:3
FNH:3
FNDA:2,(anonymous_0)
FNDA:11,Sidebar
FNDA:18,(anonymous_2)
DA:6,2
DA:7,2
DA:8,2
DA:12,11
DA:25,18
LF:5
LH:5
BRDA:21,0,0,1
BRDA:21,0,1,10
BRDA:25,1,0,10
BRDA:25,1,1,10
BRF:4
BRH:4
end_of_record
TN:
SF:src/components/Tooltip.jsx
FN:1,Tooltip
FNF:1
FNH:1
FNDA:1,Tooltip
DA:2,1
DA:3,1
LF:2
LH:2
BRF:0
BRH:0
end_of_record
TN:
SF:src/helpers/helpers.js
FN:5,getLinkCount
FN:6,(anonymous_1)
FN:10,getCombinedLinkValue
FN:11,(anonymous_3)
FN:11,(anonymous_4)
FN:11,(anonymous_5)
FN:15,getSourceValue
FN:16,(anonymous_7)
FN:16,(anonymous_8)
FN:16,(anonymous_9)
FN:20,getTargetValue
FN:21,(anonymous_11)
FN:21,(anonymous_12)
FN:21,(anonymous_13)
FN:25,getNodeColour
FNF:15
FNH:15
FNDA:11,getLinkCount
FNDA:31,(anonymous_1)
FNDA:18,getCombinedLinkValue
FNDA:52,(anonymous_3)
FNDA:34,(anonymous_4)
FNDA:34,(anonymous_5)
FNDA:37,getSourceValue
FNDA:103,(anonymous_7)
FNDA:32,(anonymous_8)
FNDA:32,(anonymous_9)
FNDA:24,getTargetValue
FNDA:70,(anonymous_11)
FNDA:24,(anonymous_12)
FNDA:24,(anonymous_13)
FNDA:22,getNodeColour
DA:1,3
DA:2,3
DA:6,31
DA:11,52
DA:16,103
DA:21,70
DA:26,22
DA:27,9
DA:29,13
LF:9
LH:9
BRDA:6,0,0,31
BRDA:6,0,1,21
BRDA:11,1,0,52
BRDA:11,1,1,35
BRDA:26,2,0,9
BRDA:26,2,1,13
BRDA:26,3,0,22
BRDA:26,3,1,13
BRF:8
BRH:8
end_of_record
TN:
SF:src/helpers/reformatData.js
FN:14,reformatData
FN:20,(anonymous_1)
FN:53,(anonymous_2)
FNF:3
FNH:3
FNDA:4,reformatData
FNDA:10,(anonymous_1)
FNDA:10,(anonymous_2)
DA:3,2
DA:4,2
DA:5,2
DA:12,2
DA:15,4
DA:16,4
DA:17,4
DA:18,4
DA:20,4
DA:21,10
DA:22,6
DA:23,4
DA:24,4
DA:25,0
DA:26,0
DA:28,0
DA:30,10
DA:50,10
DA:53,4
DA:54,10
DA:68,10
DA:70,4
LF:22
LH:19
BRDA:21,0,0,6
BRDA:21,0,1,4
BRDA:23,1,0,4
BRDA:23,1,1,0
BRDA:25,2,0,0
BRDA:25,2,1,0
BRF:6
BRH:3
end_of_record
TN:
SF:src/mocks/fileMock.js
FNF:0
FNH:0
DA:1,2
LF:1
LH:1
BRF:0
BRH:0
end_of_record
